"KeyBindings"
{
	"Name"		"ARROW"
	"Version"		"12"
	"AlgorithmicUpdateVersion"		"8"
	"UseHeroBindings"		"0"
	"LinkPlayerToSpectator"		"1"
	"Keys"
	{
		"CameraGrip"
		{
			"Key"		"MOUSE3"
		}
		"CameraZoomIn"
		{
			"Key"		"MWHEELUP"
		}
		"CameraZoomOut"
		{
			"Key"		"MWHEELDOWN"
		}
		"ScoreboardToggle"
		{
			"Key"		"`"
		}
		"ActivateGlyph"
		{
			"Key"		"J"
		}
		"ActivateRadar"
		{
			"Key"		"P"
		}
		"ChatTeam"
		{
			"Key"		"ENTER"
		}
		"ChatTeam2"
		{
			"Key"		"KP_ENTER"
		}
		"ChatVoiceTeam"
		{
			"Key"		"G"
		}
		"ChatWheel"
		{
			"Key"		"Y"
		}
		"HeroChatWheel"
		{
			"Key"		"K"
		}
		"HeroAttack"
		{
			"Key"		"A"
		}
		"HeroStop"
		{
			"Key"		"S"
		}
		"HeroHold"
		{
			"Key"		"H"
			"Mode"		"0"
		}
		"HeroSelect"
		{
			"Key"		"F1"
			"Mode"		"0"
		}
		"ScoutSelect"
		{
			"Key"		"F7"
		}
		"CourierDeliver"
		{
			"Key"		"F3"
		}
		"ControlGroup4"
		{
			"Key"		"4"
		}
		"ControlGroup6"
		{
			"Key"		"6"
		}
		"ControlGroup9"
		{
			"Key"		"9"
		}
		"ControlGroup10"
		{
			"Key"		"0"
		}
		"ControlGroupCycle"
		{
			"Key"		"TAB"
		}
		"AbilityPrimary1"
		{
			"Key"		"Q"
			"Mode"		"1"
		}
		"AbilityPrimary2"
		{
			"Key"		"W"
			"Mode"		"1"
		}
		"AbilityPrimary3"
		{
			"Key"		"E"
			"Mode"		"1"
		}
		"AbilitySecondary1"
		{
			"Key"		"D"
			"Mode"		"1"
		}
		"AbilitySecondary2"
		{
			"Key"		"F"
			"Mode"		"1"
		}
		"AbilityUltimate"
		{
			"Key"		"R"
			"Mode"		"1"
		}
		"LearnStats"
		{
			"Key"		"U"
		}
		"Inventory1"
		{
			"Key"		"Z"
			"Mode"		"1"
		}
		"Inventory2"
		{
			"Key"		"X"
			"Mode"		"1"
		}
		"Inventory3"
		{
			"Key"		"C"
			"Mode"		"1"
		}
		"Inventory4"
		{
			"Key"		"V"
			"Mode"		"1"
		}
		"Inventory5"
		{
			"Key"		"B"
			"Mode"		"1"
		}
		"Inventory6"
		{
			"Key"		"N"
			"Mode"		"1"
		}
		"InventoryTP"
		{
			"Key"		"T"
			"Mode"		"1"
		}
		"ShopToggle"
		{
			"Key"		"F4"
		}
		"PurchaseQuickbuy"
		{
			"Key"		"F5"
		}
		"PurchaseSticky"
		{
			"Key"		"F8"
		}
		"Console"
		{
			"Key"		"\"
			"Mode"		"0"
		}
		"Pause"
		{
			"Key"		"F9"
			"Mode"		"0"
		}
		"ScreenshotSettings"
		{
			"Key"		"F6"
		}
		"Escape"
		{
			"Key"		"ESCAPE"
		}
		"SpectatorCameraUp"
		{
			"Key"		"UPARROW"
			"Modifier"		"None"
			"Mode"		"0"
		}
		"SpectatorCameraDown"
		{
			"Key"		"DOWNARROW"
			"Modifier"		"None"
			"Mode"		"0"
		}
		"SpectatorCameraLeft"
		{
			"Key"		"LEFTARROW"
			"Modifier"		"None"
			"Mode"		"0"
		}
		"SpectatorCameraRight"
		{
			"Key"		"RIGHTARROW"
			"Modifier"		"None"
			"Mode"		"0"
		}
		"SpectatorIncreaseReplaySpeed"
		{
			"Key"		"="
		}
		"SpectatorDecreaseReplaySpeed"
		{
			"Key"		"-"
		}
		"SpectatorChat"
		{
			"Key"		"ENTER"
			"Modifier"		"SHIFT"
			"Mode"		"0"
		}
		"SpectatorCoach_ViewToggle"
		{
			"Key"		"SPACE"
		}
		"SpectatorScoreboard"
		{
			"Key"		"`"
			"Modifier"		"None"
			"Mode"		"0"
		}
		"SpectatorStatsHarvest"
		{
			"Key"		"F4"
		}
		"SpectatorStatsItem"
		{
			"Key"		"F5"
		}
		"SpectatorStatsGold"
		{
			"Key"		"F6"
		}
		"SpectatorStatsWinChance"
		{
			"Key"		"F8"
		}
		"SpectatorFOWDire"
		{
			"Key"		"F3"
		}
		"SpectatorBroadcasterMenu"
		{
			"Key"		"F10"
		}
		"SpectatorDropdown_KDA"
		{
			"Key"		"q"
		}
		"SpectatorDropdown_Lasthits_Denies"
		{
			"Key"		"w"
		}
		"SpectatorDropdown_Level"
		{
			"Key"		"e"
		}
		"SpectatorDropdown_XP_Per_Min"
		{
			"Key"		"r"
		}
		"SpectatorDropdown_Gold"
		{
			"Key"		"t"
		}
		"SpectatorDropdown_NetWorth"
		{
			"Key"		"y"
		}
		"SpectatorDropdown_Fantasy"
		{
			"Key"		"o"
		}
		"SpectatorDropdown_Gold_Per_Min"
		{
			"Key"		"u"
			"PanelParent"		"page2"
		}
		"SpectatorDropdown_Buyback"
		{
			"Key"		"i"
		}
		"SpectatorDropdown_Sort"
		{
			"Key"		"s"
		}
		"SpectatorDropdown_Close"
		{
			"Key"		"a"
		}
		"SpectatorCameraFocusPlayer4"
		{
			"Key"		"4"
		}
		"SpectatorCameraFocusPlayer6"
		{
			"Key"		"6"
		}
		"SpectatorCameraFocusPlayer9"
		{
			"Key"		"9"
		}
		"SpectatorCameraFocusPlayer10"
		{
			"Key"		"0"
		}
		"ShopTabConsumables"
		{
			"Key"		"q"
			"Mode"		"-1"
		}
		"ShopTabAttributes"
		{
			"Key"		"w"
			"Mode"		"-1"
		}
		"ShopTabArmaments"
		{
			"Key"		"e"
			"Mode"		"-1"
		}
		"ShopTabArcane"
		{
			"Key"		"r"
			"Mode"		"-1"
		}
		"ShopTabBasics"
		{
			"Key"		"a"
			"Mode"		"-1"
		}
		"ShopTabSupport"
		{
			"Key"		"s"
			"Mode"		"-1"
		}
		"ShopTabCaster"
		{
			"Key"		"d"
			"Mode"		"-1"
		}
		"ShopTabWeapons"
		{
			"Key"		"g"
			"Mode"		"-1"
		}
		"ShopTabArmor"
		{
			"Key"		"f"
			"Mode"		"-1"
		}
		"ShopTabArtifacts"
		{
			"Key"		"h"
			"Mode"		"-1"
		}
		"ShopTabSidePage1"
		{
			"Key"		"z"
			"Mode"		"-1"
		}
		"ShopTabSidePage2"
		{
			"Key"		"x"
			"Mode"		"-1"
		}
		"ShopTabSecret"
		{
			"Key"		"c"
			"Mode"		"-1"
		}
		"ShopTabSearchBox"
		{
			"Key"		"v"
			"Mode"		"-1"
		}
		"ShopSlot1"
		{
			"Key"		"1"
			"Mode"		"-1"
		}
		"ShopSlot2"
		{
			"Key"		"2"
			"Mode"		"-1"
		}
		"ShopSlot3"
		{
			"Key"		"3"
			"Mode"		"-1"
		}
		"ShopSlot4"
		{
			"Key"		"4"
			"Mode"		"-1"
		}
		"ShopSlot5"
		{
			"Key"		"5"
			"Mode"		"-1"
		}
		"ShopSlot6"
		{
			"Key"		"6"
			"Mode"		"-1"
		}
		"ShopSlot7"
		{
			"Key"		"7"
			"Mode"		"-1"
		}
		"ShopSlot8"
		{
			"Key"		"8"
			"Mode"		"-1"
		}
		"ShopSlot9"
		{
			"Key"		"9"
			"Mode"		"-1"
		}
		"ShopSlot10"
		{
			"Key"		"0"
			"Mode"		"-1"
		}
		"ShopSlot11"
		{
			"Key"		"-"
			"Mode"		"-1"
		}
		"ShopSlot12"
		{
			"Key"		"="
			"Mode"		"-1"
		}
		"ShopSlot13"
		{
			"Key"		"["
			"Mode"		"-1"
		}
		"ShopSlot14"
		{
			"Key"		"]"
			"Mode"		"-1"
		}
		"InspectHeroInWorld"
		{
			"Key"		"I"
		}
		"TalentUpgradeStatLeft"
		{
			"Key"		"1"
		}
		"TalentUpgradeStatRight"
		{
			"Key"		"2"
		}
		"TalentUpgradeAttribute"
		{
			"Key"		"3"
		}
		"ChatGlobal"
		{
			"Key"		"ENTER"
			"Modifier"		"SHIFT"
			"Mode"		"-1"
		}
		"ChatGlobal2"
		{
			"Key"		"KP_ENTER"
			"Modifier"		"SHIFT"
			"Mode"		"-1"
		}
		"AbilityPrimary1AutoCast"
		{
			"Key"		"q"
			"Modifier"		"ALT"
			"Mode"		"-1"
		}
		"AbilityPrimary2AutoCast"
		{
			"Key"		"w"
			"Modifier"		"ALT"
			"Mode"		"-1"
		}
		"AbilityPrimary3AutoCast"
		{
			"Key"		"e"
			"Modifier"		"ALT"
			"Mode"		"-1"
		}
		"AbilitySecondary1AutoCast"
		{
			"Key"		"d"
			"Modifier"		"ALT"
			"Mode"		"-1"
		}
		"AbilitySecondary2AutoCast"
		{
			"Key"		"f"
			"Modifier"		"ALT"
			"Mode"		"-1"
		}
		"AbilityUltimateAutoCast"
		{
			"Key"		"r"
			"Modifier"		"ALT"
			"Mode"		"-1"
		}
		"Inventory1AutoCast"
		{
			"Key"		"z"
			"Modifier"		"ALT"
			"Mode"		"-1"
		}
		"Inventory2AutoCast"
		{
			"Key"		"x"
			"Modifier"		"ALT"
			"Mode"		"-1"
		}
		"Inventory3AutoCast"
		{
			"Key"		"c"
			"Modifier"		"ALT"
			"Mode"		"-1"
		}
		"Inventory4AutoCast"
		{
			"Key"		"v"
			"Modifier"		"ALT"
			"Mode"		"-1"
		}
		"Inventory5AutoCast"
		{
			"Key"		"b"
			"Modifier"		"ALT"
			"Mode"		"-1"
		}
		"Inventory6AutoCast"
		{
			"Key"		"n"
			"Modifier"		"ALT"
			"Mode"		"-1"
		}
		"InventoryTPAutoCast"
		{
			"Key"		"t"
			"Modifier"		"ALT"
			"Mode"		"-1"
		}
		"SpectatorCameraGrip"
		{
			"Key"		"MOUSE3"
			"Modifier"		"None"
			"Mode"		"-1"
		}
		"SpectatorHeroSelect"
		{
			"Key"		"F1"
			"Modifier"		"None"
			"Mode"		"-1"
		}
		"SpectatorPause"
		{
			"Key"		"F9"
			"Modifier"		"None"
			"Mode"		"-1"
		}
		"CombatLogToggle"
		{
			"Mode"		"-1"
		}
		"CameraSavedPosition1"
		{
			"Key"		"["
			"Mode"		"-1"
		}
		"SpectatorCameraSavedPosition1"
		{
			"Key"		"["
			"Modifier"		"None"
			"Mode"		"-1"
		}
		"CameraSavedPosition3"
		{
			"Key"		"KP_3"
			"Mode"		"-1"
		}
		"SpectatorCameraSavedPosition3"
		{
			"Key"		"KP_3"
			"Modifier"		"None"
			"Mode"		"-1"
		}
		"CameraSavedPosition5"
		{
			"Key"		"KP_5"
			"Mode"		"-1"
		}
		"SpectatorCameraSavedPosition5"
		{
			"Key"		"KP_5"
			"Modifier"		"None"
			"Mode"		"-1"
		}
		"ControlGroup5"
		{
			"Key"		"5"
			"Mode"		"-1"
		}
		"SpectatorCameraFocusPlayer5"
		{
			"Key"		"5"
			"Mode"		"-1"
		}
		"ControlGroup1"
		{
			"Mode"		"-1"
		}
		"ControlGroup2"
		{
			"Mode"		"-1"
		}
		"CameraSavedPosition2"
		{
			"Key"		"]"
			"Mode"		"-1"
		}
		"SpectatorCameraSavedPosition2"
		{
			"Key"		"]"
			"Modifier"		"None"
			"Mode"		"-1"
		}
		"CameraUp"
		{
			"Key"		"UPARROW"
			"Mode"		"-1"
		}
		"CameraDown"
		{
			"Key"		"DOWNARROW"
			"Mode"		"-1"
		}
		"CameraLeft"
		{
			"Key"		"LEFTARROW"
			"Mode"		"-1"
		}
		"CameraRight"
		{
			"Key"		"RIGHTARROW"
			"Mode"		"-1"
		}
		"RecentEvent"
		{
			"Key"		"SPACE"
			"Mode"		"-1"
		}
		"DotaAlt"
		{
			"Mode"		"-1"
		}
		"SpectatorFOWBoth"
		{
			"Mode"		"-1"
		}
		"SpectatorStatsXP"
		{
			"Key"		"F7"
			"Mode"		"-1"
		}
		"CourierSelect"
		{
			"Key"		"F2"
			"Mode"		"-1"
		}
		"SpectatorFOWRadient"
		{
			"Key"		"F2"
			"Mode"		"-1"
		}
		"SpectatorCameraFocusPlayer1"
		{
			"Mode"		"-1"
		}
		"SpectatorCameraFocusPlayer2"
		{
			"Mode"		"-1"
		}
		"ControlGroup7"
		{
			"Key"		"7"
			"Mode"		"-1"
		}
		"SpectatorCameraFocusPlayer7"
		{
			"Key"		"7"
			"Mode"		"-1"
		}
		"CameraSavedPosition4"
		{
			"Key"		"KP_4"
			"Mode"		"-1"
		}
		"SpectatorCameraSavedPosition4"
		{
			"Key"		"KP_4"
			"Modifier"		"None"
			"Mode"		"-1"
		}
		"CameraSavedPosition6"
		{
			"Key"		"KP_6"
			"Mode"		"-1"
		}
		"SpectatorCameraSavedPosition6"
		{
			"Key"		"KP_6"
			"Modifier"		"None"
			"Mode"		"-1"
		}
		"CameraSavedPosition7"
		{
			"Key"		"KP_7"
			"Mode"		"-1"
		}
		"SpectatorCameraSavedPosition7"
		{
			"Key"		"KP_7"
			"Modifier"		"None"
			"Mode"		"-1"
		}
		"CameraSavedPosition8"
		{
			"Key"		"KP_8"
			"Mode"		"-1"
		}
		"SpectatorCameraSavedPosition8"
		{
			"Key"		"KP_8"
			"Modifier"		"None"
			"Mode"		"-1"
		}
		"CameraSavedPosition9"
		{
			"Key"		"KP_9"
			"Mode"		"-1"
		}
		"SpectatorCameraSavedPosition9"
		{
			"Key"		"KP_9"
			"Modifier"		"None"
			"Mode"		"-1"
		}
		"CameraSavedPosition10"
		{
			"Key"		"KP_0"
			"Mode"		"-1"
		}
		"SpectatorCameraSavedPosition10"
		{
			"Key"		"KP_0"
			"Modifier"		"None"
			"Mode"		"-1"
		}
		"ControlGroup8"
		{
			"Key"		"8"
			"Mode"		"-1"
		}
		"SpectatorCameraFocusPlayer8"
		{
			"Key"		"8"
			"Mode"		"-1"
		}
		"ControlGroup3"
		{
			"Key"		"3"
			"Mode"		"-1"
		}
		"SpectatorCameraFocusPlayer3"
		{
			"Key"		"3"
			"Mode"		"-1"
		}
		"HeroMove"
		{
			"Key"		"M"
			"Mode"		"-1"
		}
		"LearnAbilities"
		{
			"Key"		"O"
			"Mode"		"-1"
		}
	}
	"PerUnitKeybinds"		"0"
	"AllowGuiKeyToBind"		"0"
	"Items"
	{
		"item_blink"
		{
			"Mode"		"1"
		}
		"item_overwhelming_blink"
		{
			"Mode"		"1"
		}
		"item_swift_blink"
		{
			"Mode"		"1"
		}
		"item_arcane_blink"
		{
			"Mode"		"1"
		}
		"item_quelling_blade"
		{
			"Mode"		"1"
		}
		"item_moon_shard"
		{
			"Mode"		"1"
		}
		"item_branches"
		{
			"Mode"		"1"
		}
		"item_gem"
		{
			"Mode"		"1"
		}
		"item_clarity"
		{
			"Mode"		"1"
		}
		"item_blood_grenade"
		{
			"Mode"		"1"
		}
		"item_royale_with_cheese"
		{
			"Mode"		"1"
		}
		"item_flask"
		{
			"Mode"		"1"
		}
		"item_ward_dispenser"
		{
			"Mode"		"1"
		}
		"item_ward_observer"
		{
			"Mode"		"1"
		}
		"item_ward_sentry"
		{
			"Mode"		"1"
		}
		"item_tango"
		{
			"Mode"		"1"
		}
		"item_tango_single"
		{
			"Mode"		"1"
		}
		"item_tpscroll"
		{
			"Mode"		"1"
		}
		"item_lunar_crest"
		{
			"Mode"		"1"
		}
		"item_hand_of_midas"
		{
			"Mode"		"1"
		}
		"item_wraith_pact"
		{
			"Mode"		"1"
		}
		"item_holy_locket"
		{
			"Mode"		"1"
		}
		"item_urn_of_shadows"
		{
			"Mode"		"1"
		}
		"item_sheepstick"
		{
			"Mode"		"1"
		}
		"item_orchid"
		{
			"Mode"		"1"
		}
		"item_bloodthorn"
		{
			"Mode"		"1"
		}
		"item_cyclone"
		{
			"Mode"		"1"
		}
		"item_wind_waker"
		{
			"Mode"		"1"
		}
		"item_force_staff"
		{
			"Mode"		"1"
		}
		"item_hurricane_pike"
		{
			"Mode"		"1"
		}
		"item_dagon"
		{
			"Mode"		"1"
		}
		"item_dagon_2"
		{
			"Mode"		"1"
		}
		"item_dagon_3"
		{
			"Mode"		"1"
		}
		"item_dagon_4"
		{
			"Mode"		"1"
		}
		"item_dagon_5"
		{
			"Mode"		"1"
		}
		"item_sphere"
		{
			"Mode"		"1"
		}
		"item_lotus_orb"
		{
			"Mode"		"1"
		}
		"item_meteor_hammer"
		{
			"Mode"		"1"
		}
		"item_nullifier"
		{
			"Mode"		"1"
		}
		"item_spirit_vessel"
		{
			"Mode"		"1"
		}
		"item_bfury"
		{
			"Mode"		"1"
		}
		"item_mjollnir"
		{
			"Mode"		"1"
		}
		"item_helm_of_the_dominator"
		{
			"Mode"		"1"
		}
		"item_helm_of_the_overlord"
		{
			"Mode"		"1"
		}
		"item_gungir"
		{
			"Mode"		"1"
		}
		"item_diffusal_blade"
		{
			"Mode"		"1"
		}
		"item_disperser"
		{
			"Mode"		"1"
		}
		"item_ethereal_blade"
		{
			"Mode"		"1"
		}
		"item_medallion_of_courage"
		{
			"Mode"		"1"
		}
		"item_solar_crest"
		{
			"Mode"		"1"
		}
		"item_pavise"
		{
			"Mode"		"1"
		}
		"item_veil_of_discord"
		{
			"Mode"		"1"
		}
		"item_rod_of_atos"
		{
			"Mode"		"1"
		}
		"item_abyssal_blade"
		{
			"Mode"		"1"
		}
		"item_heavens_halberd"
		{
			"Mode"		"1"
		}
		"item_shadow_amulet"
		{
			"Mode"		"1"
		}
		"item_glimmer_cape"
		{
			"Mode"		"1"
		}
		"item_force_boots"
		{
			"Mode"		"1"
		}
		"item_seer_stone"
		{
			"Mode"		"1"
		}
		"item_trusty_shovel"
		{
			"Mode"		"1"
		}
		"item_fallen_sky"
		{
			"Mode"		"1"
		}
		"item_pirate_hat"
		{
			"Mode"		"1"
		}
		"item_bullwhip"
		{
			"Mode"		"1"
		}
		"item_psychic_headband"
		{
			"Mode"		"1"
		}
		"item_book_of_shadows"
		{
			"Mode"		"1"
		}
		"item_seeds_of_serenity"
		{
			"Mode"		"1"
		}
		"item_harpoon"
		{
			"Mode"		"1"
		}
	}
}
